Mon Sep 11 2023 15:4: 18} [WAIS App] error: GLERHAN [
  {
    "code": "invalid_type",
    "expected": "string",
    "received": "undefined",
    "path": [
      "body",
      "role"
    ],
    "message": "role is required"
  }
]
Mon Sep 11 2023 15:4: 23} [WAIS App] error: GLERHAN [
  {
    "code": "invalid_type",
    "expected": "string",
    "received": "undefined",
    "path": [
      "body",
      "role"
    ],
    "message": "role is required"
  }
]
Mon Sep 11 2023 15:4: 24} [WAIS App] error: GLERHAN [
  {
    "code": "invalid_type",
    "expected": "string",
    "received": "undefined",
    "path": [
      "body",
      "role"
    ],
    "message": "role is required"
  }
]
Mon Sep 11 2023 15:4: 26} [WAIS App] error: GLERHAN [
  {
    "code": "invalid_type",
    "expected": "string",
    "received": "undefined",
    "path": [
      "body",
      "role"
    ],
    "message": "role is required"
  }
]
Mon Sep 11 2023 15:5: 4} [WAIS App] error: GLERHAN [
  {
    "code": "invalid_type",
    "expected": "string",
    "received": "undefined",
    "path": [
      "body",
      "role"
    ],
    "message": "role is required"
  }
]
Mon Sep 11 2023 15:5: 5} [WAIS App] error: GLERHAN [
  {
    "code": "invalid_type",
    "expected": "string",
    "received": "undefined",
    "path": [
      "body",
      "role"
    ],
    "message": "role is required"
  }
]
Mon Sep 11 2023 15:5: 6} [WAIS App] error: GLERHAN [
  {
    "code": "invalid_type",
    "expected": "string",
    "received": "undefined",
    "path": [
      "body",
      "role"
    ],
    "message": "role is required"
  }
]
Mon Sep 11 2023 15:55: 7} [WAIS App] error: GLERHAN [
  {
    "code": "invalid_type",
    "expected": "string",
    "received": "undefined",
    "path": [
      "body",
      "role"
    ],
    "message": "role is required"
  }
]
Mon Sep 11 2023 15:56: 35} [WAIS App] error: GLERHAN [
  {
    "code": "invalid_type",
    "expected": "string",
    "received": "undefined",
    "path": [
      "body",
      "role"
    ],
    "message": "role is required"
  }
]
Mon Sep 11 2023 15:59: 12} [WAIS App] error: GLERHAN [
  {
    "code": "invalid_type",
    "expected": "string",
    "received": "undefined",
    "path": [
      "body",
      "role"
    ],
    "message": "role is required"
  }
]
